<?xml version="1.0" encoding="UTF-8"?>
<!-- Generated by org.testng.reporters.JUnitXMLReporter -->
<testsuite hostname="Yuvan-HP-New" ignored="0" name="ChromeTest" tests="8" failures="4" timestamp="20 Jan 2021 19:50:25 GMT" time="64.867" errors="0">
  <testcase name="loginTest" time="3.823" classname="com.shopclues.test.LoginDataDrivenTest">
    <failure type="java.lang.AssertionError" message="expected [true] but found [false]">
      <![CDATA[java.lang.AssertionError: expected [true] but found [false]
at com.shopclues.test.LoginDataDrivenTest.loginTest(LoginDataDrivenTest.java:51)
... Removed 29 stack frames]]>
    </failure>
  </testcase> <!-- loginTest -->
  <testcase name="loginTest" time="3.147" classname="com.shopclues.test.LoginDataDrivenTest">
    <failure type="java.lang.AssertionError" message="expected [true] but found [false]">
      <![CDATA[java.lang.AssertionError: expected [true] but found [false]
at com.shopclues.test.LoginDataDrivenTest.loginTest(LoginDataDrivenTest.java:51)
... Removed 29 stack frames]]>
    </failure>
  </testcase> <!-- loginTest -->
  <testcase name="loginTest" time="3.137" classname="com.shopclues.test.LoginDataDrivenTest">
    <failure type="java.lang.AssertionError" message="expected [true] but found [false]">
      <![CDATA[java.lang.AssertionError: expected [true] but found [false]
at com.shopclues.test.LoginDataDrivenTest.loginTest(LoginDataDrivenTest.java:51)
... Removed 29 stack frames]]>
    </failure>
  </testcase> <!-- loginTest -->
  <testcase name="loginTest" time="3.173" classname="com.shopclues.test.LoginDataDrivenTest">
    <failure type="java.lang.AssertionError" message="expected [true] but found [false]">
      <![CDATA[java.lang.AssertionError: expected [true] but found [false]
at com.shopclues.test.LoginDataDrivenTest.loginTest(LoginDataDrivenTest.java:51)
... Removed 29 stack frames]]>
    </failure>
  </testcase> <!-- loginTest -->
  <testcase name="loginTest" time="6.456" classname="com.shopclues.test.LoginDataDrivenTest"/>
  <testcase name="searchProductTest" time="9.051" classname="com.shopclues.test.SearchTest"/>
  <testcase name="searchProductTest" time="8.638" classname="com.shopclues.test.SearchTest"/>
  <testcase name="searchProductTest" time="8.699" classname="com.shopclues.test.SearchTest"/>
</testsuite> <!-- ChromeTest -->
