<?xml version="1.0" encoding="UTF-8"?>
<!-- Generated by org.testng.reporters.JUnitXMLReporter -->
<testsuite hostname="Yuvan-HP-New" ignored="0" name="ChromeTest" tests="5" failures="4" timestamp="19 Jan 2021 14:47:58 GMT" time="26.234" errors="0">
  <testcase name="loginTest" time="3.658" classname="com.shopclues.test.LoginDataDrivenTest">
    <failure type="java.lang.AssertionError" message="expected [true] but found [false]">
      <![CDATA[java.lang.AssertionError: expected [true] but found [false]
at com.shopclues.test.LoginDataDrivenTest.loginTest(LoginDataDrivenTest.java:51)
... Removed 29 stack frames]]>
    </failure>
  </testcase> <!-- loginTest -->
  <testcase name="loginTest" time="2.982" classname="com.shopclues.test.LoginDataDrivenTest">
    <failure type="java.lang.AssertionError" message="expected [true] but found [false]">
      <![CDATA[java.lang.AssertionError: expected [true] but found [false]
at com.shopclues.test.LoginDataDrivenTest.loginTest(LoginDataDrivenTest.java:51)
... Removed 29 stack frames]]>
    </failure>
  </testcase> <!-- loginTest -->
  <testcase name="loginTest" time="2.997" classname="com.shopclues.test.LoginDataDrivenTest">
    <failure type="java.lang.AssertionError" message="expected [true] but found [false]">
      <![CDATA[java.lang.AssertionError: expected [true] but found [false]
at com.shopclues.test.LoginDataDrivenTest.loginTest(LoginDataDrivenTest.java:51)
... Removed 29 stack frames]]>
    </failure>
  </testcase> <!-- loginTest -->
  <testcase name="loginTest" time="3.036" classname="com.shopclues.test.LoginDataDrivenTest">
    <failure type="java.lang.AssertionError" message="expected [true] but found [false]">
      <![CDATA[java.lang.AssertionError: expected [true] but found [false]
at com.shopclues.test.LoginDataDrivenTest.loginTest(LoginDataDrivenTest.java:51)
... Removed 29 stack frames]]>
    </failure>
  </testcase> <!-- loginTest -->
  <testcase name="loginTest" time="6.019" classname="com.shopclues.test.LoginDataDrivenTest"/>
</testsuite> <!-- ChromeTest -->
