<?xml version="1.0" encoding="UTF-8"?>
<!-- Generated by org.testng.reporters.JUnitXMLReporter -->
<testsuite hostname="Yuvan-HP-New" ignored="0" name="Test" tests="3" failures="1" timestamp="18 Jan 2021 19:43:07 GMT" time="14.573" errors="0">
  <testcase name="urlTest" time="0.034" classname="com.shopclues.test.LoginTest"/>
  <testcase name="loginTest" time="3.263" classname="com.shopclues.test.LoginTest">
    <failure type="java.lang.AssertionError" message="expected [true] but found [false]">
      <![CDATA[java.lang.AssertionError: expected [true] but found [false]
at com.shopclues.test.LoginTest.loginTest(LoginTest.java:42)
... Removed 29 stack frames]]>
    </failure>
  </testcase> <!-- loginTest -->
  <testcase name="logOutTest" time="0.158" classname="com.shopclues.test.LoginTest"/>
</testsuite> <!-- Test -->
